<?xml version="1.0" encoding="UTF-8"?>
<testng-results skipped="0" failed="0" ignored="0" total="3" passed="3">
  <reporter-output>
  </reporter-output>
  <suite name="Suite" duration-ms="30" started-at="2022-03-31T08:47:09 EDT" finished-at="2022-03-31T08:47:09 EDT">
    <groups>
    </groups>
    <test name="Test" duration-ms="30" started-at="2022-03-31T08:47:09 EDT" finished-at="2022-03-31T08:47:09 EDT">
      <class name="com.test.TestClass">
        <test-method status="PASS" signature="testCase1()[pri:0, instance:com.test.TestClass@5d76b067]" name="testCase1" duration-ms="3" started-at="2022-03-31T08:47:09 EDT" finished-at="2022-03-31T08:47:09 EDT">
          <reporter-output>
          </reporter-output>
        </test-method> <!-- testCase1 -->
        <test-method status="PASS" signature="testCase2()[pri:0, instance:com.test.TestClass@5d76b067]" name="testCase2" duration-ms="0" started-at="2022-03-31T08:47:09 EDT" finished-at="2022-03-31T08:47:09 EDT">
          <reporter-output>
          </reporter-output>
        </test-method> <!-- testCase2 -->
        <test-method status="PASS" signature="testCase3()[pri:0, instance:com.test.TestClass@5d76b067]" name="testCase3" duration-ms="1" started-at="2022-03-31T08:47:09 EDT" finished-at="2022-03-31T08:47:09 EDT">
          <reporter-output>
          </reporter-output>
        </test-method> <!-- testCase3 -->
      </class> <!-- com.test.TestClass -->
    </test> <!-- Test -->
  </suite> <!-- Suite -->
</testng-results>
